{
  "RSpec": {
    "coverage": {
      "/home/mf/Projects/newsroom_3_api/app/controllers/api/v1/articles_controller.rb": [
        1,
        1,
        0,
        0,
        null,
        null,
        1,
        4,
        null,
        4,
        null,
        null
      ],
      "/home/mf/Projects/newsroom_3_api/app/controllers/application_controller.rb": [
        1,
        null
      ],
      "/home/mf/Projects/newsroom_3_api/app/models/article.rb": [
        1,
        1,
        null
      ],
      "/home/mf/Projects/newsroom_3_api/app/models/application_record.rb": [
        1,
        1,
        null
      ],
      "/home/mf/Projects/newsroom_3_api/app/channels/application_cable/channel.rb": [
        0,
        0,
        0,
        0
      ],
      "/home/mf/Projects/newsroom_3_api/app/channels/application_cable/connection.rb": [
        0,
        0,
        0,
        0
      ],
      "/home/mf/Projects/newsroom_3_api/app/mailers/application_mailer.rb": [
        0,
        0,
        0,
        0
      ],
      "/home/mf/Projects/newsroom_3_api/app/jobs/application_job.rb": [
        0,
        0
      ]
    },
    "timestamp": 1585144262
  }
}
